2015-10-04 06:08:25,575 - [INFO] - from play in pool-4-thread-4 
Listening for HTTP on /0:0:0:0:0:0:0:0:9000

2015-10-04 06:10:21,594 - [INFO] - from play in play-internal-execution-context-1 
database [default] connected at jdbc:mysql://localhost/downtown_street

2015-10-04 06:10:22,331 - [INFO] - from application in play-internal-execution-context-1 
Application has started

2015-10-04 06:10:22,335 - [INFO] - from play in play-internal-execution-context-1 
Application started (Dev)

2015-10-04 06:13:50,968 - [INFO] - from application in play-internal-execution-context-2 
Application shutdown...

2015-10-04 06:13:51,054 - [INFO] - from play in play-internal-execution-context-2 
database [default] connected at jdbc:mysql://localhost/downtown_street

2015-10-04 06:13:51,103 - [INFO] - from application in play-internal-execution-context-2 
Application has started

2015-10-04 06:13:51,103 - [INFO] - from play in play-internal-execution-context-2 
Application started (Dev)

2015-10-04 06:14:17,706 - [INFO] - from application in play-internal-execution-context-2 
Application shutdown...

2015-10-04 06:14:17,792 - [INFO] - from play in play-internal-execution-context-2 
database [default] connected at jdbc:mysql://localhost/downtown_street

2015-10-04 06:14:17,838 - [INFO] - from application in play-internal-execution-context-2 
Application has started

2015-10-04 06:14:17,838 - [INFO] - from play in play-internal-execution-context-2 
Application started (Dev)

2015-10-04 06:14:17,882 - [ERROR] - from play in play-akka.actor.default-dispatcher-7 
Cannot invoke the action, eventually got an error: javax.persistence.PersistenceException: Query threw SQLException:You have an error in your SQL syntax; check the manual that corresponds to your MySQL server version for the right syntax to use near 'DESC' at line 1 
Bind values:[] 
Query was:
select t0.id c0, t0.first_name c1, t0.last_name c2, t0.image c3, t0.created_at c4, t0.resolved_image c5, t0.contact c6, t0.comment c7, t0.latitude c8, t0.longitude c9, t0.address c10, t0.email c11, t0.business c12, t0.is_resolved c13 from request t0 order by DESC 



2015-10-04 06:14:17,896 - [ERROR] - from application in play-akka.actor.default-dispatcher-7 


! @6nk7jf7c5 - Internal server error, for (GET) [/dashboard] ->

play.api.Application$$anon$1: Execution exception[[PersistenceException: Query threw SQLException:You have an error in your SQL syntax; check the manual that corresponds to your MySQL server version for the right syntax to use near 'DESC' at line 1 
Bind values:[] 
Query was:
select t0.id c0, t0.first_name c1, t0.last_name c2, t0.image c3, t0.created_at c4, t0.resolved_image c5, t0.contact c6, t0.comment c7, t0.latitude c8, t0.longitude c9, t0.address c10, t0.email c11, t0.business c12, t0.is_resolved c13 from request t0 order by DESC 

]]
	at play.api.Application$class.handleError(Application.scala:296) ~[play_2.11-2.3.8.jar:2.3.8]
	at play.api.DefaultApplication.handleError(Application.scala:402) [play_2.11-2.3.8.jar:2.3.8]
	at play.core.server.netty.PlayDefaultUpstreamHandler$$anonfun$3$$anonfun$applyOrElse$4.apply(PlayDefaultUpstreamHandler.scala:320) [play_2.11-2.3.8.jar:2.3.8]
	at play.core.server.netty.PlayDefaultUpstreamHandler$$anonfun$3$$anonfun$applyOrElse$4.apply(PlayDefaultUpstreamHandler.scala:320) [play_2.11-2.3.8.jar:2.3.8]
	at scala.Option.map(Option.scala:145) [scala-library-2.11.1.jar:na]
	at play.core.server.netty.PlayDefaultUpstreamHandler$$anonfun$3.applyOrElse(PlayDefaultUpstreamHandler.scala:320) [play_2.11-2.3.8.jar:2.3.8]
	at play.core.server.netty.PlayDefaultUpstreamHandler$$anonfun$3.applyOrElse(PlayDefaultUpstreamHandler.scala:316) [play_2.11-2.3.8.jar:2.3.8]
	at scala.concurrent.Future$$anonfun$recoverWith$1.apply(Future.scala:344) [scala-library-2.11.1.jar:na]
	at scala.concurrent.Future$$anonfun$recoverWith$1.apply(Future.scala:343) [scala-library-2.11.1.jar:na]
	at scala.concurrent.impl.CallbackRunnable.run(Promise.scala:32) [scala-library-2.11.1.jar:na]
	at play.api.libs.iteratee.Execution$trampoline$.execute(Execution.scala:46) [play-iteratees_2.11-2.3.8.jar:2.3.8]
	at scala.concurrent.impl.CallbackRunnable.executeWithValue(Promise.scala:40) [scala-library-2.11.1.jar:na]
	at scala.concurrent.impl.Promise$DefaultPromise.tryComplete(Promise.scala:248) [scala-library-2.11.1.jar:na]
	at scala.concurrent.Promise$class.complete(Promise.scala:55) [scala-library-2.11.1.jar:na]
	at scala.concurrent.impl.Promise$DefaultPromise.complete(Promise.scala:153) [scala-library-2.11.1.jar:na]
	at scala.concurrent.impl.Future$PromiseCompletingRunnable.run(Future.scala:23) [scala-library-2.11.1.jar:na]
	at akka.dispatch.TaskInvocation.run(AbstractDispatcher.scala:41) [akka-actor_2.11-2.3.4.jar:na]
	at akka.dispatch.ForkJoinExecutorConfigurator$AkkaForkJoinTask.exec(AbstractDispatcher.scala:393) [akka-actor_2.11-2.3.4.jar:na]
	at scala.concurrent.forkjoin.ForkJoinTask.doExec(ForkJoinTask.java:260) [scala-library-2.11.1.jar:na]
	at scala.concurrent.forkjoin.ForkJoinPool$WorkQueue.runTask(ForkJoinPool.java:1339) [scala-library-2.11.1.jar:na]
	at scala.concurrent.forkjoin.ForkJoinPool.runWorker(ForkJoinPool.java:1979) [scala-library-2.11.1.jar:na]
	at scala.concurrent.forkjoin.ForkJoinWorkerThread.run(ForkJoinWorkerThread.java:107) [scala-library-2.11.1.jar:na]
Caused by: javax.persistence.PersistenceException: Query threw SQLException:You have an error in your SQL syntax; check the manual that corresponds to your MySQL server version for the right syntax to use near 'DESC' at line 1 
Bind values:[] 
Query was:
select t0.id c0, t0.first_name c1, t0.last_name c2, t0.image c3, t0.created_at c4, t0.resolved_image c5, t0.contact c6, t0.comment c7, t0.latitude c8, t0.longitude c9, t0.address c10, t0.email c11, t0.business c12, t0.is_resolved c13 from request t0 order by DESC 


	at com.avaje.ebeaninternal.server.query.CQuery.createPersistenceException(CQuery.java:834) ~[avaje-ebeanorm-3.3.4.jar:na]
	at com.avaje.ebeaninternal.server.query.CQuery.createPersistenceException(CQuery.java:811) ~[avaje-ebeanorm-3.3.4.jar:na]
	at com.avaje.ebeaninternal.server.query.CQueryEngine.findMany(CQueryEngine.java:205) ~[avaje-ebeanorm-3.3.4.jar:na]
	at com.avaje.ebeaninternal.server.query.DefaultOrmQueryEngine.findMany(DefaultOrmQueryEngine.java:77) ~[avaje-ebeanorm-3.3.4.jar:na]
	at com.avaje.ebeaninternal.server.core.OrmQueryRequest.findList(OrmQueryRequest.java:263) ~[avaje-ebeanorm-3.3.4.jar:na]
	at com.avaje.ebeaninternal.server.core.DefaultServer.findList(DefaultServer.java:1502) ~[avaje-ebeanorm-3.3.4.jar:na]
	at com.avaje.ebeaninternal.server.querydefn.DefaultOrmQuery.findList(DefaultOrmQuery.java:890) ~[avaje-ebeanorm-3.3.4.jar:na]
	at controllers.AdminController.dashboard(AdminController.java:65) ~[classes/:na]
	at Routes$$anonfun$routes$1$$anonfun$applyOrElse$8$$anonfun$apply$8.apply(routes_routing.scala:213) ~[classes/:na]
	at Routes$$anonfun$routes$1$$anonfun$applyOrElse$8$$anonfun$apply$8.apply(routes_routing.scala:213) ~[classes/:na]
	at play.core.Router$HandlerInvokerFactory$$anon$4.resultCall(Router.scala:264) ~[play_2.11-2.3.8.jar:2.3.8]
	at play.core.Router$HandlerInvokerFactory$JavaActionInvokerFactory$$anon$15$$anon$1.invocation(Router.scala:255) ~[play_2.11-2.3.8.jar:2.3.8]
	at play.core.j.JavaAction$$anon$1.call(JavaAction.scala:55) ~[play_2.11-2.3.8.jar:2.3.8]
	at Global$ActionWrapper.call(Global.java:45) ~[classes/:na]
	at play.mvc.Security$AuthenticatedAction.call(Security.java:44) ~[play_2.11-2.3.8.jar:2.3.8]
	at play.core.j.JavaAction$$anonfun$11.apply(JavaAction.scala:82) ~[play_2.11-2.3.8.jar:2.3.8]
	at play.core.j.JavaAction$$anonfun$11.apply(JavaAction.scala:82) ~[play_2.11-2.3.8.jar:2.3.8]
	at scala.concurrent.impl.Future$PromiseCompletingRunnable.liftedTree1$1(Future.scala:24) [scala-library-2.11.1.jar:na]
	at scala.concurrent.impl.Future$PromiseCompletingRunnable.run(Future.scala:24) [scala-library-2.11.1.jar:na]
	at play.core.j.HttpExecutionContext$$anon$2.run(HttpExecutionContext.scala:40) ~[play_2.11-2.3.8.jar:2.3.8]
	at play.api.libs.iteratee.Execution$trampoline$.execute(Execution.scala:46) [play-iteratees_2.11-2.3.8.jar:2.3.8]
	at play.core.j.HttpExecutionContext.execute(HttpExecutionContext.scala:32) ~[play_2.11-2.3.8.jar:2.3.8]
	at scala.concurrent.impl.Future$.apply(Future.scala:31) ~[scala-library-2.11.1.jar:na]
	at scala.concurrent.Future$.apply(Future.scala:492) ~[scala-library-2.11.1.jar:na]
	at play.core.j.JavaAction$class.apply(JavaAction.scala:82) ~[play_2.11-2.3.8.jar:2.3.8]
	at play.core.Router$HandlerInvokerFactory$JavaActionInvokerFactory$$anon$15$$anon$1.apply(Router.scala:252) ~[play_2.11-2.3.8.jar:2.3.8]
	at play.api.mvc.Action$$anonfun$apply$1$$anonfun$apply$4$$anonfun$apply$5.apply(Action.scala:130) ~[play_2.11-2.3.8.jar:2.3.8]
	at play.api.mvc.Action$$anonfun$apply$1$$anonfun$apply$4$$anonfun$apply$5.apply(Action.scala:130) ~[play_2.11-2.3.8.jar:2.3.8]
	at play.utils.Threads$.withContextClassLoader(Threads.scala:21) ~[play_2.11-2.3.8.jar:2.3.8]
	at play.api.mvc.Action$$anonfun$apply$1$$anonfun$apply$4.apply(Action.scala:129) ~[play_2.11-2.3.8.jar:2.3.8]
	at play.api.mvc.Action$$anonfun$apply$1$$anonfun$apply$4.apply(Action.scala:128) ~[play_2.11-2.3.8.jar:2.3.8]
	at scala.Option.map(Option.scala:145) [scala-library-2.11.1.jar:na]
	at play.api.mvc.Action$$anonfun$apply$1.apply(Action.scala:128) ~[play_2.11-2.3.8.jar:2.3.8]
	at play.api.mvc.Action$$anonfun$apply$1.apply(Action.scala:121) ~[play_2.11-2.3.8.jar:2.3.8]
	at play.api.libs.iteratee.Iteratee$$anonfun$mapM$1.apply(Iteratee.scala:483) ~[play-iteratees_2.11-2.3.8.jar:2.3.8]
	at play.api.libs.iteratee.Iteratee$$anonfun$mapM$1.apply(Iteratee.scala:483) ~[play-iteratees_2.11-2.3.8.jar:2.3.8]
	at play.api.libs.iteratee.Iteratee$$anonfun$flatMapM$1.apply(Iteratee.scala:519) ~[play-iteratees_2.11-2.3.8.jar:2.3.8]
	at play.api.libs.iteratee.Iteratee$$anonfun$flatMapM$1.apply(Iteratee.scala:519) ~[play-iteratees_2.11-2.3.8.jar:2.3.8]
	at play.api.libs.iteratee.Iteratee$$anonfun$flatMap$1$$anonfun$apply$14.apply(Iteratee.scala:496) ~[play-iteratees_2.11-2.3.8.jar:2.3.8]
	at play.api.libs.iteratee.Iteratee$$anonfun$flatMap$1$$anonfun$apply$14.apply(Iteratee.scala:496) ~[play-iteratees_2.11-2.3.8.jar:2.3.8]
	at scala.concurrent.impl.Future$PromiseCompletingRunnable.liftedTree1$1(Future.scala:24) [scala-library-2.11.1.jar:na]
	at scala.concurrent.impl.Future$PromiseCompletingRunnable.run(Future.scala:24) [scala-library-2.11.1.jar:na]
	... 6 common frames omitted
Caused by: com.mysql.jdbc.exceptions.jdbc4.MySQLSyntaxErrorException: You have an error in your SQL syntax; check the manual that corresponds to your MySQL server version for the right syntax to use near 'DESC' at line 1
	at sun.reflect.NativeConstructorAccessorImpl.newInstance0(Native Method) ~[na:1.8.0_25]
	at sun.reflect.NativeConstructorAccessorImpl.newInstance(NativeConstructorAccessorImpl.java:62) ~[na:1.8.0_25]
	at sun.reflect.DelegatingConstructorAccessorImpl.newInstance(DelegatingConstructorAccessorImpl.java:45) ~[na:1.8.0_25]
	at java.lang.reflect.Constructor.newInstance(Constructor.java:408) ~[na:1.8.0_25]
	at com.mysql.jdbc.Util.handleNewInstance(Util.java:411) ~[mysql-connector-java-5.1.29.jar:na]
	at com.mysql.jdbc.Util.getInstance(Util.java:386) ~[mysql-connector-java-5.1.29.jar:na]
	at com.mysql.jdbc.SQLError.createSQLException(SQLError.java:1054) ~[mysql-connector-java-5.1.29.jar:na]
	at com.mysql.jdbc.MysqlIO.checkErrorPacket(MysqlIO.java:4237) ~[mysql-connector-java-5.1.29.jar:na]
	at com.mysql.jdbc.MysqlIO.checkErrorPacket(MysqlIO.java:4169) ~[mysql-connector-java-5.1.29.jar:na]
	at com.mysql.jdbc.MysqlIO.sendCommand(MysqlIO.java:2617) ~[mysql-connector-java-5.1.29.jar:na]
	at com.mysql.jdbc.MysqlIO.sqlQueryDirect(MysqlIO.java:2778) ~[mysql-connector-java-5.1.29.jar:na]
	at com.mysql.jdbc.ConnectionImpl.execSQL(ConnectionImpl.java:2834) ~[mysql-connector-java-5.1.29.jar:na]
	at com.mysql.jdbc.PreparedStatement.executeInternal(PreparedStatement.java:2156) ~[mysql-connector-java-5.1.29.jar:na]
	at com.mysql.jdbc.PreparedStatement.executeQuery(PreparedStatement.java:2313) ~[mysql-connector-java-5.1.29.jar:na]
	at com.jolbox.bonecp.PreparedStatementHandle.executeQuery(PreparedStatementHandle.java:174) ~[bonecp-0.8.0.RELEASE.jar:na]
	at com.avaje.ebeaninternal.server.query.CQuery.prepareBindExecuteQueryWithOption(CQuery.java:409) ~[avaje-ebeanorm-3.3.4.jar:na]
	at com.avaje.ebeaninternal.server.query.CQuery.prepareBindExecuteQuery(CQuery.java:368) ~[avaje-ebeanorm-3.3.4.jar:na]
	at com.avaje.ebeaninternal.server.query.CQueryEngine.findMany(CQueryEngine.java:165) ~[avaje-ebeanorm-3.3.4.jar:na]
	... 45 common frames omitted

2015-10-04 06:15:39,378 - [INFO] - from application in play-internal-execution-context-2 
Application shutdown...

2015-10-04 06:15:39,469 - [INFO] - from play in play-internal-execution-context-2 
database [default] connected at jdbc:mysql://localhost/downtown_street

2015-10-04 06:15:39,543 - [INFO] - from application in play-internal-execution-context-2 
Application has started

2015-10-04 06:15:39,543 - [INFO] - from play in play-internal-execution-context-2 
Application started (Dev)

2015-10-04 06:16:47,194 - [ERROR] - from application in New I/O worker #4 


! @6nk7jnk8f - Internal server error, for (GET) [/dashboard] ->

play.PlayExceptions$CompilationException: Compilation error[value getCreatedAt is not a member of models.Request]
	at play.PlayExceptions$CompilationException$.apply(PlayExceptions.scala:27) ~[na:na]
	at play.PlayExceptions$CompilationException$.apply(PlayExceptions.scala:27) ~[na:na]
	at scala.Option.map(Option.scala:145) ~[scala-library-2.11.1.jar:na]
	at play.PlayReload$$anonfun$taskFailureHandler$1.apply(PlayReload.scala:49) ~[na:na]
	at play.PlayReload$$anonfun$taskFailureHandler$1.apply(PlayReload.scala:44) ~[na:na]
	at scala.Option.map(Option.scala:145) ~[scala-library-2.11.1.jar:na]
	at play.PlayReload$.taskFailureHandler(PlayReload.scala:44) ~[na:na]
	at play.PlayReload$.compileFailure(PlayReload.scala:40) ~[na:na]
	at play.PlayReload$$anonfun$compile$1.apply(PlayReload.scala:17) ~[na:na]
	at play.PlayReload$$anonfun$compile$1.apply(PlayReload.scala:17) ~[na:na]
	at scala.util.Either$LeftProjection.map(Either.scala:377) ~[scala-library-2.11.1.jar:na]
	at play.PlayReload$.compile(PlayReload.scala:17) ~[na:na]
	at play.PlayRun$$anonfun$playRunTask$1$$anonfun$apply$2$$anonfun$apply$3$$anonfun$2.apply(PlayRun.scala:61) ~[na:na]
	at play.PlayRun$$anonfun$playRunTask$1$$anonfun$apply$2$$anonfun$apply$3$$anonfun$2.apply(PlayRun.scala:61) ~[na:na]
	at play.runsupport.Reloader.reload(Reloader.scala:295) ~[na:na]
	at play.core.ReloadableApplication$$anonfun$get$1.apply(ApplicationProvider.scala:122) ~[play_2.11-2.3.8.jar:2.3.8]
	at play.core.ReloadableApplication$$anonfun$get$1.apply(ApplicationProvider.scala:120) ~[play_2.11-2.3.8.jar:2.3.8]
	at scala.concurrent.impl.Future$PromiseCompletingRunnable.liftedTree1$1(Future.scala:24) ~[scala-library-2.11.1.jar:na]
	at scala.concurrent.impl.Future$PromiseCompletingRunnable.run(Future.scala:24) ~[scala-library-2.11.1.jar:na]
	at scala.concurrent.forkjoin.ForkJoinTask$AdaptedRunnableAction.exec(ForkJoinTask.java:1361) ~[scala-library-2.11.1.jar:na]
	at scala.concurrent.forkjoin.ForkJoinTask.doExec(ForkJoinTask.java:260) ~[scala-library-2.11.1.jar:na]
	at scala.concurrent.forkjoin.ForkJoinPool$WorkQueue.runTask(ForkJoinPool.java:1339) ~[scala-library-2.11.1.jar:na]
	at scala.concurrent.forkjoin.ForkJoinPool.runWorker(ForkJoinPool.java:1979) ~[scala-library-2.11.1.jar:na]
	at scala.concurrent.forkjoin.ForkJoinWorkerThread.run(ForkJoinWorkerThread.java:107) ~[scala-library-2.11.1.jar:na]

2015-10-04 06:17:33,440 - [INFO] - from application in play-internal-execution-context-2 
Application shutdown...

2015-10-04 06:17:33,516 - [INFO] - from play in play-internal-execution-context-2 
database [default] connected at jdbc:mysql://localhost/downtown_street

2015-10-04 06:17:33,565 - [INFO] - from application in play-internal-execution-context-2 
Application has started

2015-10-04 06:17:33,565 - [INFO] - from play in play-internal-execution-context-2 
Application started (Dev)

2015-10-04 06:18:21,306 - [INFO] - from application in play-internal-execution-context-6 
Application shutdown...

2015-10-04 06:18:21,392 - [INFO] - from play in play-internal-execution-context-6 
database [default] connected at jdbc:mysql://localhost/downtown_street

2015-10-04 06:18:21,440 - [INFO] - from application in play-internal-execution-context-6 
Application has started

2015-10-04 06:18:21,440 - [INFO] - from play in play-internal-execution-context-6 
Application started (Dev)

2015-10-04 06:19:45,826 - [INFO] - from application in play-internal-execution-context-8 
Application shutdown...

2015-10-04 06:19:45,937 - [INFO] - from play in play-internal-execution-context-8 
database [default] connected at jdbc:mysql://localhost/downtown_street

2015-10-04 06:19:46,021 - [INFO] - from application in play-internal-execution-context-8 
Application has started

2015-10-04 06:19:46,021 - [INFO] - from play in play-internal-execution-context-8 
Application started (Dev)

2015-10-04 06:19:56,440 - [INFO] - from application in play-internal-execution-context-8 
Application shutdown...

2015-10-04 06:19:56,516 - [INFO] - from play in play-internal-execution-context-8 
database [default] connected at jdbc:mysql://localhost/downtown_street

2015-10-04 06:19:56,558 - [INFO] - from application in play-internal-execution-context-8 
Application has started

2015-10-04 06:19:56,558 - [INFO] - from play in play-internal-execution-context-8 
Application started (Dev)

2015-10-04 06:20:39,404 - [INFO] - from application in play-internal-execution-context-8 
Application shutdown...

2015-10-04 06:20:39,484 - [INFO] - from play in play-internal-execution-context-8 
database [default] connected at jdbc:mysql://localhost/downtown_street

2015-10-04 06:20:39,527 - [INFO] - from application in play-internal-execution-context-8 
Application has started

2015-10-04 06:20:39,527 - [INFO] - from play in play-internal-execution-context-8 
Application started (Dev)

2015-10-04 06:22:09,185 - [INFO] - from application in play-internal-execution-context-8 
Application shutdown...

2015-10-04 06:22:09,253 - [INFO] - from play in play-internal-execution-context-8 
database [default] connected at jdbc:mysql://localhost/downtown_street

2015-10-04 06:22:09,296 - [INFO] - from application in play-internal-execution-context-8 
Application has started

2015-10-04 06:22:09,296 - [INFO] - from play in play-internal-execution-context-8 
Application started (Dev)

